<?xml version="1.0" encoding="UTF-8"?>
<!-- Generated by org.testng.reporters.JUnitReportReporter -->
<testsuite hostname="Ss-MacBook-Pro.local" failures="0" tests="2" name="keralatourism.SinupNegative" time="3.723" errors="0" timestamp="2025-06-09T19:00:13 IST" skipped="0">
  <testcase classname="keralatourism.SinupNegative" name="signupTest" time="2.012"/>
  <testcase classname="keralatourism.SinupNegative" name="login" time="1.711"/>
</testsuite> <!-- keralatourism.SinupNegative -->
