<?xml version="1.0" encoding="UTF-8"?>
<!-- Generated by org.testng.reporters.JUnitReportReporter -->
<testsuite hostname="Ss-MacBook-Pro.local" failures="0" tests="2" name="keralatourism.LoginAutomationTest" time="3.963" errors="0" timestamp="2025-06-02T19:15:01 IST" skipped="0">
  <testcase classname="keralatourism.LoginAutomationTest" name="login" time="2.127"/>
  <testcase classname="keralatourism.LoginAutomationTest" name="loginwithvalidcridential" time="1.836"/>
</testsuite> <!-- keralatourism.LoginAutomationTest -->
