<?xml version="1.0" encoding="UTF-8"?>
<!-- Generated by org.testng.reporters.JUnitReportReporter -->
<testsuite hostname="Ss-MacBook-Pro.local" failures="0" tests="1" name="keralatourism.Base" time="1.965" errors="0" timestamp="2025-06-02T17:40:55 IST" skipped="0">
  <testcase classname="keralatourism.Base" name="login" time="1.965"/>
</testsuite> <!-- keralatourism.Base -->
