<?xml version="1.0" encoding="UTF-8"?>
<!-- Generated by org.testng.reporters.JUnitReportReporter -->
<testsuite hostname="Ss-MacBook-Pro.local" failures="0" tests="1" name="keralatourism.Loginpagenegativetest" time="1.670" errors="0" timestamp="2025-06-02T18:50:59 IST" skipped="0">
  <testcase classname="keralatourism.Loginpagenegativetest" name="login" time="1.670"/>
</testsuite> <!-- keralatourism.Loginpagenegativetest -->
