<?xml version="1.0" encoding="UTF-8"?>
<!-- Generated by org.testng.reporters.JUnitReportReporter -->
<testsuite hostname="Ss-MacBook-Pro.local" failures="0" tests="2" name="keralatourism.SinupAutomation" time="9.007" errors="0" timestamp="2025-06-09T18:54:30 IST" skipped="0">
  <testcase classname="keralatourism.SinupAutomation" name="signupTest" time="2.350"/>
  <testcase classname="keralatourism.SinupAutomation" name="login" time="6.657"/>
</testsuite> <!-- keralatourism.SinupAutomation -->
